\BOOKMARK [0][-]{chapter*.1}{Abstract}{}% 1
\BOOKMARK [0][-]{chapter*.2}{Acknowledgments}{}% 2
\BOOKMARK [0][-]{chapter*.4}{List of Tables}{}% 3
\BOOKMARK [0][-]{chapter*.5}{List of Figures}{}% 4
\BOOKMARK [0][-]{chapter.1}{Introduction}{}% 5
\BOOKMARK [1][-]{section.1.1}{The Standard Model}{chapter.1}% 6
\BOOKMARK [2][-]{subsection.1.1.1}{Fundamental particles}{section.1.1}% 7
\BOOKMARK [1][-]{section.1.2}{Fundamental interactions}{chapter.1}% 8
\BOOKMARK [2][-]{subsection.1.2.1}{Quantum Electrodynamics \(QED\)}{section.1.2}% 9
\BOOKMARK [2][-]{subsection.1.2.2}{Quantum Chromodynamics \(QCD\) and jets}{section.1.2}% 10
\BOOKMARK [2][-]{subsection.1.2.3}{The SM Higgs mechanism}{section.1.2}% 11
\BOOKMARK [1][-]{section.1.3}{The physics beyond the SM}{chapter.1}% 12
\BOOKMARK [0][-]{chapter.2}{The CMS detector at the LHC}{}% 13
\BOOKMARK [1][-]{section.2.1}{The Magnet}{chapter.2}% 14
\BOOKMARK [1][-]{section.2.2}{The inner tracking system}{chapter.2}% 15
\BOOKMARK [1][-]{section.2.3}{Electromagnetic calorimeter \(ECAL\) }{chapter.2}% 16
\BOOKMARK [1][-]{section.2.4}{Hadronic calorimeter \(HCAL\)}{chapter.2}% 17
\BOOKMARK [1][-]{section.2.5}{Muon system}{chapter.2}% 18
\BOOKMARK [1][-]{section.2.6}{Trigger and data acquisition}{chapter.2}% 19
\BOOKMARK [0][-]{chapter.3}{Search for X qV or VV at LHC at s=8 TeV}{}% 20
\BOOKMARK [1][-]{section.3.1}{Introduction}{chapter.3}% 21
\BOOKMARK [1][-]{section.3.2}{Dijet analysis with jet substructure tagging}{chapter.3}% 22
\BOOKMARK [2][-]{subsection.3.2.1}{Event display}{section.3.2}% 23
\BOOKMARK [2][-]{subsection.3.2.2}{Jet reconstruction}{section.3.2}% 24
\BOOKMARK [2][-]{subsection.3.2.3}{Event selection}{section.3.2}% 25
\BOOKMARK [1][-]{section.3.3}{The W/Z-Tagging algorithm}{chapter.3}% 26
\BOOKMARK [2][-]{subsection.3.3.1}{N-subjettiness}{section.3.3}% 27
\BOOKMARK [2][-]{subsection.3.3.2}{Optimization study for the W-tagger}{section.3.3}% 28
\BOOKMARK [1][-]{section.3.4}{Data and Monte Carlo samples}{chapter.3}% 29
\BOOKMARK [1][-]{section.3.5}{Trigger}{chapter.3}% 30
\BOOKMARK [1][-]{section.3.6}{Data and MC comparisons}{chapter.3}% 31
\BOOKMARK [1][-]{section.3.7}{The signal: dijet resonance}{chapter.3}% 32
\BOOKMARK [1][-]{section.3.8}{Systematic uncertainties}{chapter.3}% 33
\BOOKMARK [2][-]{subsection.3.8.1}{Background shape parametrization}{section.3.8}% 34
\BOOKMARK [2][-]{subsection.3.8.2}{W/Z-tagging efficiency}{section.3.8}% 35
\BOOKMARK [1][-]{section.3.9}{Limit setting procedure}{chapter.3}% 36
\BOOKMARK [1][-]{section.3.10}{Results}{chapter.3}% 37
\BOOKMARK [0][-]{chapter.4}{Search for X \040WH or ZH at LHC at s = 8 TeV }{}% 38
\BOOKMARK [1][-]{section.4.1}{Introduction}{chapter.4}% 39
\BOOKMARK [1][-]{section.4.2}{Data and Monte Carlo samples}{chapter.4}% 40
\BOOKMARK [1][-]{section.4.3}{Event selections}{chapter.4}% 41
\BOOKMARK [1][-]{section.4.4}{The H tagging and W/Z tagging algorithms}{chapter.4}% 42
\BOOKMARK [2][-]{subsection.4.4.1}{N-subjettiness}{section.4.4}% 43
\BOOKMARK [2][-]{subsection.4.4.2}{Jet Pruning}{section.4.4}% 44
\BOOKMARK [2][-]{subsection.4.4.3}{W/Z tagging }{section.4.4}% 45
\BOOKMARK [2][-]{subsection.4.4.4}{H bb }{section.4.4}% 46
\BOOKMARK [2][-]{subsection.4.4.5}{H WW* 4q}{section.4.4}% 47
\BOOKMARK [3][-]{subsubsection.4.4.5.1}{Optimization of the 4/2 threshold}{subsection.4.4.5}% 48
\BOOKMARK [1][-]{section.4.5}{Trigger}{chapter.4}% 49
\BOOKMARK [1][-]{section.4.6}{The signals}{chapter.4}% 50
\BOOKMARK [2][-]{subsection.4.6.1}{Cross-talk between the Higgs decay channels}{section.4.6}% 51
\BOOKMARK [2][-]{subsection.4.6.2}{Summary of Higgs and W/Z tagging categories}{section.4.6}% 52
\BOOKMARK [2][-]{subsection.4.6.3}{Signal acceptance and efficiencies}{section.4.6}% 53
\BOOKMARK [1][-]{section.4.7}{Resonance Search in the dijet mass spectrum}{chapter.4}% 54
\BOOKMARK [1][-]{section.4.8}{Systematic uncertainties}{chapter.4}% 55
\BOOKMARK [1][-]{section.4.9}{Results}{chapter.4}% 56
\BOOKMARK [0][-]{chapter.5}{Conclusions and outlook}{}% 57
\BOOKMARK [1][-]{section.5.1}{Conclusions for X qV or VV analysis}{chapter.5}% 58
\BOOKMARK [1][-]{section.5.2}{Conclusions for X VH analysis}{chapter.5}% 59
\BOOKMARK [1][-]{section.5.3}{Outlook}{chapter.5}% 60
\BOOKMARK [0][-]{appendix.A}{Appendices for Chapter 3}{}% 61
\BOOKMARK [1][-]{section.A.1}{MC generator parameters for the signal models}{appendix.A}% 62
\BOOKMARK [2][-]{subsection.A.1.1}{Signal shape at high resonance mass}{section.A.1}% 63
\BOOKMARK [1][-]{section.A.2}{Event displays}{appendix.A}% 64
\BOOKMARK [1][-]{section.A.3}{Limit calculation cross check}{appendix.A}% 65
\BOOKMARK [0][-]{appendix.B}{Appendices for Chapter 4 }{}% 66
\BOOKMARK [1][-]{section.B.1}{Model parameters and cross sections}{appendix.B}% 67
\BOOKMARK [1][-]{section.B.2}{tau42 scale factor extrapolation}{appendix.B}% 68
\BOOKMARK [1][-]{section.B.3}{CSVL Vs CSVM fat jet b tagging}{appendix.B}% 69
\BOOKMARK [1][-]{section.B.4}{tauNM distribution}{appendix.B}% 70
\BOOKMARK [1][-]{section.B.5}{Cross-talk in data}{appendix.B}% 71
\BOOKMARK [0][-]{appendix*.6}{Bibliography}{}% 72
